<?xml version="1.0" encoding="UTF-8"?>
<!-- Generated by org.testng.reporters.JUnitReportReporter -->
<testsuite hostname="DESKTOP-K12MI9C" failures="0" tests="1" name="test" time="13.780" errors="0" timestamp="2021-03-20T18:13:17 IST" skipped="0">
  <testcase classname="test" name="Setup" time="13.780"/>
  <system-out/>
</testsuite> <!-- test -->
